# JRE version: OpenJDK Runtime Environment (8.0_242-b01) (build 1.8.0_242-release-1644-b01)
# Java VM: OpenJDK 64-Bit Server VM (25.242-b01 mixed mode windows-amd64 compressed oops)
Heap:
 PSYoungGen      total 548864K, used 111427K [0x00000000d5580000, 0x0000000100000000, 0x0000000100000000)
  eden space 491008K, 10% used [0x00000000d5580000,0x00000000d89d17e8,0x00000000f3500000)
  from space 57856K, 99% used [0x00000000fc780000,0x00000000fffff7d0,0x0000000100000000)
  to   space 103936K, 0% used [0x00000000f3500000,0x00000000f3500000,0x00000000f9a80000)
 ParOldGen       total 332800K, used 214643K [0x0000000080000000, 0x0000000094500000, 0x00000000d5580000)
  object space 332800K, 64% used [0x0000000080000000,0x000000008d19cd98,0x0000000094500000)
 Metaspace       used 130198K, capacity 139863K, committed 142040K, reserved 1173504K
  class space    used 16203K, capacity 17824K, committed 18432K, reserved 1048576K
GC Heap History (10 events):
Event: 14415.683 GC heap before
{Heap before GC invocations=76 (full 6):
 PSYoungGen      total 592896K, used 551088K [0x00000000d5580000, 0x00000000fca00000, 0x0000000100000000)
  eden space 543232K, 100% used [0x00000000d5580000,0x00000000f6800000,0x00000000f6800000)
  from space 49664K, 15% used [0x00000000f6800000,0x00000000f6fac0a0,0x00000000f9880000)
  to   space 48640K, 0% used [0x00000000f9a80000,0x00000000f9a80000,0x00000000fca00000)
 ParOldGen       total 332800K, used 131691K [0x0000000080000000, 0x0000000094500000, 0x00000000d5580000)
  object space 332800K, 39% used [0x0000000080000000,0x000000008809af48,0x0000000094500000)
 Metaspace       used 130064K, capacity 139723K, committed 142040K, reserved 1173504K
  class space    used 16200K, capacity 17824K, committed 18432K, reserved 1048576K
Event: 14415.724 GC heap after
Heap after GC invocations=76 (full 6):
 PSYoungGen      total 589824K, used 40203K [0x00000000d5580000, 0x00000000fe780000, 0x0000000100000000)
  eden space 541184K, 0% used [0x00000000d5580000,0x00000000d5580000,0x00000000f6600000)
  from space 48640K, 82% used [0x00000000f9a80000,0x00000000fc1c2c38,0x00000000fca00000)
  to   space 53760K, 0% used [0x00000000f6600000,0x00000000f6600000,0x00000000f9a80000)
 ParOldGen       total 332800K, used 131763K [0x0000000080000000, 0x0000000094500000, 0x00000000d5580000)
  object space 332800K, 39% used [0x0000000080000000,0x00000000880acf48,0x0000000094500000)
 Metaspace       used 130064K, capacity 139723K, committed 142040K, reserved 1173504K
  class space    used 16200K, capacity 17824K, committed 18432K, reserved 1048576K
}
Event: 14416.704 GC heap before
{Heap before GC invocations=77 (full 6):
 PSYoungGen      total 589824K, used 581387K [0x00000000d5580000, 0x00000000fe780000, 0x0000000100000000)
  eden space 541184K, 100% used [0x00000000d5580000,0x00000000f6600000,0x00000000f6600000)
  from space 48640K, 82% used [0x00000000f9a80000,0x00000000fc1c2c38,0x00000000fca00000)
  to   space 53760K, 0% used [0x00000000f6600000,0x00000000f6600000,0x00000000f9a80000)
 ParOldGen       total 332800K, used 131763K [0x0000000080000000, 0x0000000094500000, 0x00000000d5580000)
  object space 332800K, 39% used [0x0000000080000000,0x00000000880acf48,0x0000000094500000)
 Metaspace       used 130070K, capacity 139787K, committed 142040K, reserved 1173504K
  class space    used 16200K, capacity 17824K, committed 18432K, reserved 1048576K
Event: 14416.754 GC heap after
Heap after GC invocations=77 (full 6):
 PSYoungGen      total 594944K, used 41874K [0x00000000d5580000, 0x0000000100000000, 0x0000000100000000)
  eden space 541184K, 0% used [0x00000000d5580000,0x00000000d5580000,0x00000000f6600000)
  from space 53760K, 77% used [0x00000000f6600000,0x00000000f8ee49d0,0x00000000f9a80000)
  to   space 57856K, 0% used [0x00000000fc780000,0x00000000fc780000,0x0000000100000000)
 ParOldGen       total 332800K, used 131835K [0x0000000080000000, 0x0000000094500000, 0x00000000d5580000)
  object space 332800K, 39% used [0x0000000080000000,0x00000000880bef48,0x0000000094500000)
 Metaspace       used 130070K, capacity 139787K, committed 142040K, reserved 1173504K
  class space    used 16200K, capacity 17824K, committed 18432K, reserved 1048576K
}
Event: 14417.874 GC heap before
{Heap before GC invocations=78 (full 6):
 PSYoungGen      total 594944K, used 583058K [0x00000000d5580000, 0x0000000100000000, 0x0000000100000000)
  eden space 541184K, 100% used [0x00000000d5580000,0x00000000f6600000,0x00000000f6600000)
  from space 53760K, 77% used [0x00000000f6600000,0x00000000f8ee49d0,0x00000000f9a80000)
  to   space 57856K, 0% used [0x00000000fc780000,0x00000000fc780000,0x0000000100000000)
 ParOldGen       total 332800K, used 131835K [0x0000000080000000, 0x0000000094500000, 0x00000000d5580000)
  object space 332800K, 39% used [0x0000000080000000,0x00000000880bef48,0x0000000094500000)
 Metaspace       used 130132K, capacity 139795K, committed 142040K, reserved 1173504K
  class space    used 16200K, capacity 17824K, committed 18432K, reserved 1048576K
Event: 14417.908 GC heap after
Heap after GC invocations=78 (full 6):
 PSYoungGen      total 641024K, used 31376K [0x00000000d5580000, 0x0000000100000000, 0x0000000100000000)
  eden space 583168K, 0% used [0x00000000d5580000,0x00000000d5580000,0x00000000f8f00000)
  from space 57856K, 54% used [0x00000000fc780000,0x00000000fe624030,0x0000000100000000)
  to   space 57856K, 0% used [0x00000000f8f00000,0x00000000f8f00000,0x00000000fc780000)
 ParOldGen       total 332800K, used 131867K [0x0000000080000000, 0x0000000094500000, 0x00000000d5580000)
  object space 332800K, 39% used [0x0000000080000000,0x00000000880c6f48,0x0000000094500000)
 Metaspace       used 130132K, capacity 139795K, committed 142040K, reserved 1173504K
  class space    used 16200K, capacity 17824K, committed 18432K, reserved 1048576K
}
Event: 14420.858 GC heap before
{Heap before GC invocations=79 (full 6):
 PSYoungGen      total 641024K, used 614544K [0x00000000d5580000, 0x0000000100000000, 0x0000000100000000)
  eden space 583168K, 100% used [0x00000000d5580000,0x00000000f8f00000,0x00000000f8f00000)
  from space 57856K, 54% used [0x00000000fc780000,0x00000000fe624030,0x0000000100000000)
  to   space 57856K, 0% used [0x00000000f8f00000,0x00000000f8f00000,0x00000000fc780000)
 ParOldGen       total 332800K, used 131867K [0x0000000080000000, 0x0000000094500000, 0x00000000d5580000)
  object space 332800K, 39% used [0x0000000080000000,0x00000000880c6f48,0x0000000094500000)
 Metaspace       used 130185K, capacity 139863K, committed 142040K, reserved 1173504K
  class space    used 16203K, capacity 17824K, committed 18432K, reserved 1048576K
Event: 14420.974 GC heap after
Heap after GC invocations=79 (full 6):
 PSYoungGen      total 641024K, used 57842K [0x00000000d5580000, 0x0000000100000000, 0x0000000100000000)
  eden space 583168K, 0% used [0x00000000d5580000,0x00000000d5580000,0x00000000f8f00000)
  from space 57856K, 99% used [0x00000000f8f00000,0x00000000fc77c910,0x00000000fc780000)
  to   space 57856K, 0% used [0x00000000fc780000,0x00000000fc780000,0x0000000100000000)
 ParOldGen       total 332800K, used 142766K [0x0000000080000000, 0x0000000094500000, 0x00000000d5580000)
  object space 332800K, 42% used [0x0000000080000000,0x0000000088b6bbc8,0x0000000094500000)
 Metaspace       used 130185K, capacity 139863K, committed 142040K, reserved 1173504K
  class space    used 16203K, capacity 17824K, committed 18432K, reserved 1048576K
}
Event: 14423.478 GC heap before
{Heap before GC invocations=80 (full 6):
 PSYoungGen      total 641024K, used 641010K [0x00000000d5580000, 0x0000000100000000, 0x0000000100000000)
  eden space 583168K, 100% used [0x00000000d5580000,0x00000000f8f00000,0x00000000f8f00000)
  from space 57856K, 99% used [0x00000000f8f00000,0x00000000fc77c910,0x00000000fc780000)
  to   space 57856K, 0% used [0x00000000fc780000,0x00000000fc780000,0x0000000100000000)
 ParOldGen       total 332800K, used 142766K [0x0000000080000000, 0x0000000094500000, 0x00000000d5580000)
  object space 332800K, 42% used [0x0000000080000000,0x0000000088b6bbc8,0x0000000094500000)
 Metaspace       used 130196K, capacity 139863K, committed 142040K, reserved 1173504K
  class space    used 16203K, capacity 17824K, committed 18432K, reserved 1048576K
Event: 14423.820 GC heap after
Heap after GC invocations=80 (full 6):
 PSYoungGen      total 548864K, used 57853K [0x00000000d5580000, 0x0000000100000000, 0x0000000100000000)
  eden space 491008K, 0% used [0x00000000d5580000,0x00000000d5580000,0x00000000f3500000)
  from space 57856K, 99% used [0x00000000fc780000,0x00000000fffff7d0,0x0000000100000000)
  to   space 103936K, 0% used [0x00000000f3500000,0x00000000f3500000,0x00000000f9a80000)
 ParOldGen       total 332800K, used 214643K [0x0000000080000000, 0x0000000094500000, 0x00000000d5580000)
  object space 332800K, 64% used [0x0000000080000000,0x000000008d19cd98,0x0000000094500000)
 Metaspace       used 130196K, capacity 139863K, committed 142040K, reserved 1173504K
  class space    used 16203K, capacity 17824K, committed 18432K, reserved 1048576K
}

